Flutter crash report.
Please report a bug at https://github.com/flutter/flutter/issues.

## command

flutter pub get

## exception

_TypeError: Null check operator used on a null value

```
#0      LocalizationsGenerator._generateMethod.<anonymous closure> (package:flutter_tools/src/localizations/gen_l10n.dart:1272:79)
#1      MappedListIterable.elementAt (dart:_internal/iterable.dart:442:31)
#2      ListIterable.join (dart:_internal/iterable.dart:175:22)
#3      LocalizationsGenerator._generateMethod (package:flutter_tools/src/localizations/gen_l10n.dart:1272:82)
#4      LocalizationsGenerator._generateBaseClassFile.<anonymous closure> (package:flutter_tools/src/localizations/gen_l10n.dart:1082:14)
#5      MappedListIterable.elementAt (dart:_internal/iterable.dart:442:31)
#6      ListIterable.join (dart:_internal/iterable.dart:166:22)
#7      LocalizationsGenerator._generateBaseClassFile (package:flutter_tools/src/localizations/gen_l10n.dart:1092:43)
#8      LocalizationsGenerator._generateCode (package:flutter_tools/src/localizations/gen_l10n.dart:1187:46)
#9      LocalizationsGenerator.writeOutputFiles (package:flutter_tools/src/localizations/gen_l10n.dart:1456:47)
#10     generateLocalizations (package:flutter_tools/src/localizations/gen_l10n.dart:80:13)
#11     GenerateLocalizationsTarget.build (package:flutter_tools/src/build_system/targets/localizations.dart:64:11)
#12     _BuildInstance._invokeInternal (package:flutter_tools/src/build_system/build_system.dart:873:27)
<asynchronous suspension>
#13     FlutterBuildSystem.build (package:flutter_tools/src/build_system/build_system.dart:629:16)
<asynchronous suspension>
#14     PackagesGetCommand.runCommand (package:flutter_tools/src/commands/packages.dart:314:36)
<asynchronous suspension>
#15     FlutterCommand.run.<anonymous closure> (package:flutter_tools/src/runner/flutter_command.dart:1563:27)
<asynchronous suspension>
#16     AppContext.run.<anonymous closure> (package:flutter_tools/src/base/context.dart:154:19)
<asynchronous suspension>
#17     CommandRunner.runCommand (package:args/command_runner.dart:212:13)
<asynchronous suspension>
#18     FlutterCommandRunner.runCommand.<anonymous closure> (package:flutter_tools/src/runner/flutter_command_runner.dart:494:9)
<asynchronous suspension>
#19     AppContext.run.<anonymous closure> (package:flutter_tools/src/base/context.dart:154:19)
<asynchronous suspension>
#20     FlutterCommandRunner.runCommand (package:flutter_tools/src/runner/flutter_command_runner.dart:431:5)
<asynchronous suspension>
#21     run.<anonymous closure>.<anonymous closure> (package:flutter_tools/runner.dart:98:11)
<asynchronous suspension>
#22     AppContext.run.<anonymous closure> (package:flutter_tools/src/base/context.dart:154:19)
<asynchronous suspension>
#23     main (package:flutter_tools/executable.dart:102:3)
<asynchronous suspension>
```

## flutter doctor

```
[32m[✓][39m Flutter (Channel stable, 3.32.6, on macOS 15.5 24F74 darwin-arm64, locale en-AE) [348ms]
    [32m•[39m Flutter version 3.32.6 on channel stable at /Users/mac/development/flutter
    [32m•[39m Upstream repository https://github.com/flutter/flutter.git
    [32m•[39m Framework revision 077b4a4ce1 (5 months ago), 2025-07-08 13:31:08 -0700
    [32m•[39m Engine revision 72f2b18bb0
    [32m•[39m Dart version 3.8.1
    [32m•[39m DevTools version 2.45.1

[32m[✓][39m Android toolchain - develop for Android devices (Android SDK version 36.1.0-rc1) [1,443ms]
    [32m•[39m Android SDK at /Users/mac/Library/Android/sdk
    [32m•[39m Platform android-36-ext19, build-tools 36.1.0-rc1
    [32m•[39m Java binary at: /Applications/Android Studio.app/Contents/jbr/Contents/Home/bin/java
      This is the JDK bundled with the latest Android Studio installation on this machine.
      To manually set the JDK path, use: `flutter config --jdk-dir="path/to/jdk"`.
    [32m•[39m Java version OpenJDK Runtime Environment (build 21.0.7+-13880790-b1038.58)
    [32m•[39m All Android licenses accepted.

[32m[✓][39m Xcode - develop for iOS and macOS (Xcode 16.4) [814ms]
    [32m•[39m Xcode at /Applications/Xcode.app/Contents/Developer
    [32m•[39m Build 16F6
    [32m•[39m CocoaPods version 1.16.2

[32m[✓][39m Chrome - develop for the web [12ms]
    [32m•[39m Chrome at /Applications/Google Chrome.app/Contents/MacOS/Google Chrome

[32m[✓][39m Android Studio (version 2025.1) [11ms]
    [32m•[39m Android Studio at /Applications/Android Studio.app/Contents
    [32m•[39m Flutter plugin can be installed from:
      🔨 https://plugins.jetbrains.com/plugin/9212-flutter
    [32m•[39m Dart plugin can be installed from:
      🔨 https://plugins.jetbrains.com/plugin/6351-dart
    [32m•[39m Java version OpenJDK Runtime Environment (build 21.0.7+-13880790-b1038.58)

[32m[✓][39m VS Code (version 1.106.2) [8ms]
    [32m•[39m VS Code at /Applications/Visual Studio Code.app/Contents
    [32m•[39m Flutter extension version 3.124.0

[32m[✓][39m VS Code (version 1.104.0) [8ms]
    [32m•[39m VS Code at /Users/mac/Desktop/Softwares/Visual Studio Code.app/Contents
    [32m•[39m Flutter extension version 3.124.0

[32m[✓][39m Connected device (3 available) [6.0s]
    [32m•[39m sdk gphone64 arm64 (mobile) • emulator-5554 • android-arm64  • Android 16 (API 36) (emulator)
    [32m•[39m macOS (desktop)             • macos         • darwin-arm64   • macOS 15.5 24F74 darwin-arm64
    [32m•[39m Chrome (web)                • chrome        • web-javascript • Google Chrome 143.0.7499.41

[32m[✓][39m Network resources [1,716ms]
    [32m•[39m All expected network resources are available.

[32m•[39m No issues found!
```
